[1114/135201.194:ERROR:directory_reader_win.cc(43)] FindFirstFile: The system cannot find the path specified. (0x3)
[1115/124200.992:ERROR:process_memory_win.cc(73)] ReadMemory at 0x7ff7e18f0000 of 64 bytes failed: Only part of a ReadProcessMemory or WriteProcessMemory request was completed. (0x12B)
[1115/124201.237:WARNING:pe_image_reader.cc(340)] could not read dos header from C:\Program Files (x86)\BraveSoftware\Brave-Browser\Application\brave.exe
[1115/124201.237:ERROR:process_memory_win.cc(73)] ReadMemory at 0x7ffedb940000 of 64 bytes failed: Only part of a ReadProcessMemory or WriteProcessMemory request was completed. (0x12B)
[1115/124201.237:WARNING:pe_image_reader.cc(340)] could not read dos header from C:\WINDOWS\SYSTEM32\ntdll.dll
[1115/124201.238:ERROR:process_memory_win.cc(73)] ReadMemory at 0x7ffedb3b0000 of 64 bytes failed: Only part of a ReadProcessMemory or WriteProcessMemory request was completed. (0x12B)
[1115/124201.238:WARNING:pe_image_reader.cc(340)] could not read dos header from C:\WINDOWS\System32\KERNEL32.DLL
[1115/124201.238:ERROR:process_memory_win.cc(73)] ReadMemory at 0x7ffed93e0000 of 64 bytes failed: Only part of a ReadProcessMemory or WriteProcessMemory request was completed. (0x12B)
[1115/124201.238:WARNING:pe_image_reader.cc(340)] could not read dos header from C:\WINDOWS\System32\KERNELBASE.dll
[1115/124201.238:ERROR:process_memory_win.cc(73)] ReadMemory at 0x7ffe95780000 of 64 bytes failed: Only part of a ReadProcessMemory or WriteProcessMemory request was completed. (0x12B)
[1115/124201.238:WARNING:pe_image_reader.cc(340)] could not read dos header from C:\Program Files (x86)\BraveSoftware\Brave-Browser\Application\86.1.16.76\chrome_elf.dll
[1115/124201.238:ERROR:process_memory_win.cc(73)] ReadMemory at 0x7ffed4050000 of 64 bytes failed: Only part of a ReadProcessMemory or WriteProcessMemory request was completed. (0x12B)
[1115/124201.238:WARNING:pe_image_reader.cc(340)] could not read dos header from C:\WINDOWS\SYSTEM32\VERSION.dll
[1115/124201.238:ERROR:process_memory_win.cc(73)] ReadMemory at 0x7ffedb310000 of 64 bytes failed: Only part of a ReadProcessMemory or WriteProcessMemory request was completed. (0x12B)
[1115/124201.238:WARNING:pe_image_reader.cc(340)] could not read dos header from C:\WINDOWS\System32\msvcrt.dll
[1115/124201.238:ERROR:process_memory_win.cc(73)] ReadMemory at 0x7ffed89d0000 of 64 bytes failed: Only part of a ReadProcessMemory or WriteProcessMemory request was completed. (0x12B)
[1115/124201.238:WARNING:pe_image_reader.cc(340)] could not read dos header from C:\WINDOWS\System32\bcryptPrimitives.dll
[1115/124201.238:ERROR:process_memory_win.cc(73)] ReadMemory at 0x7ffedb6e0000 of 64 bytes failed: Only part of a ReadProcessMemory or WriteProcessMemory request was completed. (0x12B)
[1115/124201.238:WARNING:pe_image_reader.cc(340)] could not read dos header from C:\WINDOWS\System32\ADVAPI32.dll
[1115/124201.238:ERROR:process_memory_win.cc(73)] ReadMemory at 0x7ffedb640000 of 64 bytes failed: Only part of a ReadProcessMemory or WriteProcessMemory request was completed. (0x12B)
[1115/124201.238:WARNING:pe_image_reader.cc(340)] could not read dos header from C:\WINDOWS\System32\sechost.dll
[1115/124201.238:ERROR:process_memory_win.cc(73)] ReadMemory at 0x7ffedb7e0000 of 64 bytes failed: Only part of a ReadProcessMemory or WriteProcessMemory request was completed. (0x12B)
[1115/124201.238:WARNING:pe_image_reader.cc(340)] could not read dos header from C:\WINDOWS\System32\RPCRT4.dll
[1115/124201.238:ERROR:process_memory_win.cc(73)] ReadMemory at 0x7ffe496b0000 of 64 bytes failed: Only part of a ReadProcessMemory or WriteProcessMemory request was completed. (0x12B)
[1115/124201.238:WARNING:pe_image_reader.cc(340)] could not read dos header from C:\Program Files (x86)\BraveSoftware\Brave-Browser\Application\86.1.16.76\chrome.dll
[1115/124201.238:ERROR:process_memory_win.cc(73)] ReadMemory at 0x7ffeda310000 of 64 bytes failed: Only part of a ReadProcessMemory or WriteProcessMemory request was completed. (0x12B)
[1115/124201.238:WARNING:pe_image_reader.cc(340)] could not read dos header from C:\WINDOWS\System32\WS2_32.dll
[1115/124201.239:ERROR:process_memory_win.cc(73)] ReadMemory at 0x7ffed9e90000 of 64 bytes failed: Only part of a ReadProcessMemory or WriteProcessMemory request was completed. (0x12B)
[1115/124201.239:WARNING:pe_image_reader.cc(340)] could not read dos header from C:\WINDOWS\System32\OLEAUT32.dll
[1115/124201.239:ERROR:process_memory_win.cc(73)] ReadMemory at 0x7ffed8910000 of 64 bytes failed: Only part of a ReadProcessMemory or WriteProcessMemory request was completed. (0x12B)
[1115/124201.239:WARNING:pe_image_reader.cc(340)] could not read dos header from C:\WINDOWS\System32\msvcp_win.dll
[1115/124201.239:ERROR:process_memory_win.cc(73)] ReadMemory at 0x7ffed98f0000 of 64 bytes failed: Only part of a ReadProcessMemory or WriteProcessMemory request was completed. (0x12B)
[1115/124201.239:WARNING:pe_image_reader.cc(340)] could not read dos header from C:\WINDOWS\System32\ucrtbase.dll
[1115/124201.239:ERROR:process_memory_win.cc(73)] ReadMemory at 0x7ffed9fc0000 of 64 bytes failed: Only part of a ReadProcessMemory or WriteProcessMemory request was completed. (0x12B)
[1115/124201.239:WARNING:pe_image_reader.cc(340)] could not read dos header from C:\WINDOWS\System32\combase.dll
[1115/124201.239:ERROR:process_memory_win.cc(73)] ReadMemory at 0x7ffed9890000 of 64 bytes failed: Only part of a ReadProcessMemory or WriteProcessMemory request was completed. (0x12B)
[1115/124201.239:WARNING:pe_image_reader.cc(340)] could not read dos header from C:\WINDOWS\System32\WINTRUST.dll
[1115/124201.239:ERROR:process_memory_win.cc(73)] ReadMemory at 0x7ffed8870000 of 64 bytes failed: Only part of a ReadProcessMemory or WriteProcessMemory request was completed. (0x12B)
[1115/124201.239:WARNING:pe_image_reader.cc(340)] could not read dos header from C:\WINDOWS\System32\MSASN1.dll
[1115/124201.239:ERROR:process_memory_win.cc(73)] ReadMemory at 0x7ffed9690000 of 64 bytes failed: Only part of a ReadProcessMemory or WriteProcessMemory request was completed. (0x12B)
[1115/124201.239:WARNING:pe_image_reader.cc(340)] could not read dos header from C:\WINDOWS\System32\CRYPT32.dll
[1115/124201.239:ERROR:process_memory_win.cc(73)] ReadMemory at 0x7ffeb70e0000 of 64 bytes failed: Only part of a ReadProcessMemory or WriteProcessMemory request was completed. (0x12B)
[1115/124201.239:WARNING:pe_image_reader.cc(340)] could not read dos header from C:\WINDOWS\SYSTEM32\dbghelp.dll
[1115/124201.239:ERROR:process_memory_win.cc(73)] ReadMemory at 0x7ffed7cf0000 of 64 bytes failed: Only part of a ReadProcessMemory or WriteProcessMemory request was completed. (0x12B)
[1115/124201.239:WARNING:pe_image_reader.cc(340)] could not read dos header from C:\WINDOWS\SYSTEM32\IPHLPAPI.DLL
[1115/124201.239:ERROR:process_memory_win.cc(73)] ReadMemory at 0x7ffed5aa0000 of 64 bytes failed: Only part of a ReadProcessMemory or WriteProcessMemory request was completed. (0x12B)
[1115/124201.239:WARNING:pe_image_reader.cc(340)] could not read dos header from C:\WINDOWS\SYSTEM32\WINMM.dll
[1115/124201.239:ERROR:process_memory_win.cc(73)] ReadMemory at 0x7ffe9b3d0000 of 64 bytes failed: Only part of a ReadProcessMemory or WriteProcessMemory request was completed. (0x12B)
[1115/124201.239:WARNING:pe_image_reader.cc(340)] could not read dos header from C:\WINDOWS\SYSTEM32\UIAutomationCore.DLL
[1115/124201.239:ERROR:process_memory_win.cc(73)] ReadMemory at 0x7ffec63e0000 of 64 bytes failed: Only part of a ReadProcessMemory or WriteProcessMemory request was completed. (0x12B)
[1115/124201.239:WARNING:pe_image_reader.cc(340)] could not read dos header from C:\WINDOWS\SYSTEM32\Secur32.dll
[1115/124201.239:ERROR:process_memory_win.cc(73)] ReadMemory at 0x7ffed8710000 of 64 bytes failed: Only part of a ReadProcessMemory or WriteProcessMemory request was completed. (0x12B)
[1115/124201.239:WARNING:pe_image_reader.cc(340)] could not read dos header from C:\WINDOWS\SYSTEM32\USERENV.dll
[1115/124201.239:ERROR:process_memory_win.cc(73)] ReadMemory at 0x7ffed8890000 of 64 bytes failed: Only part of a ReadProcessMemory or WriteProcessMemory request was completed. (0x12B)
[1115/124201.239:WARNING:pe_image_reader.cc(340)] could not read dos header from C:\WINDOWS\System32\profapi.dll
[1115/124201.239:ERROR:process_memory_win.cc(73)] ReadMemory at 0x7ffeb3eb0000 of 64 bytes failed: Only part of a ReadProcessMemory or WriteProcessMemory request was completed. (0x12B)
[1115/124201.239:WARNING:pe_image_reader.cc(340)] could not read dos header from C:\WINDOWS\SYSTEM32\DWrite.dll
[1115/124201.239:ERROR:process_memory_win.cc(73)] ReadMemory at 0x7ffec41c0000 of 64 bytes failed: Only part of a ReadProcessMemory or WriteProcessMemory request was completed. (0x12B)
[1115/124201.240:WARNING:pe_image_reader.cc(340)] could not read dos header from C:\WINDOWS\SYSTEM32\WINSPOOL.DRV
[1115/124201.240:ERROR:process_memory_win.cc(73)] ReadMemory at 0x7ffed8850000 of 64 bytes failed: Only part of a ReadProcessMemory or WriteProcessMemory request was completed. (0x12B)
[1115/124201.240:WARNING:pe_image_reader.cc(340)] could not read dos header from C:\WINDOWS\System32\kernel.appcore.dll
[1115/124201.240:ERROR:process_memory_win.cc(73)] ReadMemory at 0x7ffed8a50000 of 64 bytes failed: Only part of a ReadProcessMemory or WriteProcessMemory request was completed. (0x12B)
[1115/124201.240:WARNING:pe_image_reader.cc(340)] could not read dos header from C:\WINDOWS\System32\bcrypt.dll
[1115/124201.240:ERROR:process_memory_win.cc(73)] ReadMemory at 0x7ffec9c90000 of 64 bytes failed: Only part of a ReadProcessMemory or WriteProcessMemory request was completed. (0x12B)
[1115/124201.240:WARNING:pe_image_reader.cc(340)] could not read dos header from C:\WINDOWS\SYSTEM32\WINHTTP.dll
[1115/124201.240:ERROR:process_memory_win.cc(73)] ReadMemory at 0x7ffed23e0000 of 64 bytes failed: Only part of a ReadProcessMemory or WriteProcessMemory request was completed. (0x12B)
[1115/124201.240:WARNING:pe_image_reader.cc(340)] could not read dos header from C:\WINDOWS\SYSTEM32\dhcpcsvc.DLL
[1115/124201.240:ERROR:process_memory_win.cc(73)] ReadMemory at 0x7ffed99f0000 of 64 bytes failed: Only part of a ReadProcessMemory or WriteProcessMemory request was completed. (0x12B)
[1115/124201.240:WARNING:pe_image_reader.cc(340)] could not read dos header from C:\WINDOWS\System32\NSI.dll
[1115/124201.240:ERROR:process_memory_win.cc(73)] ReadMemory at 0x7ffed5a70000 of 64 bytes failed: Only part of a ReadProcessMemory or WriteProcessMemory request was completed. (0x12B)
[1115/124201.240:WARNING:pe_image_reader.cc(340)] could not read dos header from C:\WINDOWS\SYSTEM32\WINMMBASE.dll
[1115/124201.240:ERROR:process_memory_win.cc(73)] ReadMemory at 0x7ffed88c0000 of 64 bytes failed: Only part of a ReadProcessMemory or WriteProcessMemory request was completed. (0x12B)
[1115/124201.240:WARNING:pe_image_reader.cc(340)] could not read dos header from C:\WINDOWS\System32\cfgmgr32.dll
[1115/124201.240:ERROR:process_memory_win.cc(73)] ReadMemory at 0x7ffed51a0000 of 64 bytes failed: Only part of a ReadProcessMemory or WriteProcessMemory request was completed. (0x12B)
[1115/124201.240:WARNING:pe_image_reader.cc(340)] could not read dos header from C:\WINDOWS\SYSTEM32\PROPSYS.dll
[1115/124201.240:ERROR:process_memory_win.cc(73)] ReadMemory at 0x22432950000 of 64 bytes failed: Only part of a ReadProcessMemory or WriteProcessMemory request was completed. (0x12B)
[1115/124201.240:WARNING:pe_image_reader.cc(340)] could not read dos header from C:\WINDOWS\System32\shcore.dll
[1115/124201.240:ERROR:process_memory_win.cc(73)] ReadMemory at 0x7ffed86d0000 of 64 bytes failed: Only part of a ReadProcessMemory or WriteProcessMemory request was completed. (0x12B)
[1115/124201.240:WARNING:pe_image_reader.cc(340)] could not read dos header from C:\WINDOWS\SYSTEM32\SSPICLI.DLL
[1115/124201.240:ERROR:process_memory_win.cc(73)] ReadMemory at 0x7ffed81b0000 of 64 bytes failed: Only part of a ReadProcessMemory or WriteProcessMemory request was completed. (0x12B)
[1115/124201.240:WARNING:pe_image_reader.cc(340)] could not read dos header from C:\WINDOWS\SYSTEM32\CRYPTBASE.DLL
[1115/124201.482:ERROR:process_memory_win.cc(73)] ReadMemory at 0x7ff7e18f0000 of 64 bytes failed: Only part of a ReadProcessMemory or WriteProcessMemory request was completed. (0x12B)
[1115/124201.482:WARNING:pe_image_reader.cc(340)] could not read dos header from C:\Program Files (x86)\BraveSoftware\Brave-Browser\Application\brave.exe
[1115/124201.482:ERROR:process_memory_win.cc(73)] ReadMemory at 0x7ffedb940000 of 64 bytes failed: Only part of a ReadProcessMemory or WriteProcessMemory request was completed. (0x12B)
[1115/124201.482:WARNING:pe_image_reader.cc(340)] could not read dos header from C:\WINDOWS\SYSTEM32\ntdll.dll
[1115/124201.482:ERROR:process_memory_win.cc(73)] ReadMemory at 0x7ffedb3b0000 of 64 bytes failed: Only part of a ReadProcessMemory or WriteProcessMemory request was completed. (0x12B)
[1115/124201.482:WARNING:pe_image_reader.cc(340)] could not read dos header from C:\WINDOWS\System32\KERNEL32.DLL
[1115/124201.482:ERROR:process_memory_win.cc(73)] ReadMemory at 0x7ffed93e0000 of 64 bytes failed: Only part of a ReadProcessMemory or WriteProcessMemory request was completed. (0x12B)
[1115/124201.482:WARNING:pe_image_reader.cc(340)] could not read dos header from C:\WINDOWS\System32\KERNELBASE.dll
[1115/124201.482:ERROR:process_memory_win.cc(73)] ReadMemory at 0x7ffe95780000 of 64 bytes failed: Only part of a ReadProcessMemory or WriteProcessMemory request was completed. (0x12B)
[1115/124201.482:WARNING:pe_image_reader.cc(340)] could not read dos header from C:\Program Files (x86)\BraveSoftware\Brave-Browser\Application\86.1.16.76\chrome_elf.dll
[1115/124201.482:ERROR:process_memory_win.cc(73)] ReadMemory at 0x7ffed4050000 of 64 bytes failed: Only part of a ReadProcessMemory or WriteProcessMemory request was completed. (0x12B)
[1115/124201.482:WARNING:pe_image_reader.cc(340)] could not read dos header from C:\WINDOWS\SYSTEM32\VERSION.dll
[1115/124201.482:ERROR:process_memory_win.cc(73)] ReadMemory at 0x7ffedb310000 of 64 bytes failed: Only part of a ReadProcessMemory or WriteProcessMemory request was completed. (0x12B)
[1115/124201.482:WARNING:pe_image_reader.cc(340)] could not read dos header from C:\WINDOWS\System32\msvcrt.dll
[1115/124201.482:ERROR:process_memory_win.cc(73)] ReadMemory at 0x7ffed89d0000 of 64 bytes failed: Only part of a ReadProcessMemory or WriteProcessMemory request was completed. (0x12B)
[1115/124201.482:WARNING:pe_image_reader.cc(340)] could not read dos header from C:\WINDOWS\System32\bcryptPrimitives.dll
[1115/124201.482:ERROR:process_memory_win.cc(73)] ReadMemory at 0x7ffedb6e0000 of 64 bytes failed: Only part of a ReadProcessMemory or WriteProcessMemory request was completed. (0x12B)
[1115/124201.482:WARNING:pe_image_reader.cc(340)] could not read dos header from C:\WINDOWS\System32\ADVAPI32.dll
[1115/124201.482:ERROR:process_memory_win.cc(73)] ReadMemory at 0x7ffedb640000 of 64 bytes failed: Only part of a ReadProcessMemory or WriteProcessMemory request was completed. (0x12B)
[1115/124201.482:WARNING:pe_image_reader.cc(340)] could not read dos header from C:\WINDOWS\System32\sechost.dll
[1115/124201.483:ERROR:process_memory_win.cc(73)] ReadMemory at 0x7ffedb7e0000 of 64 bytes failed: Only part of a ReadProcessMemory or WriteProcessMemory request was completed. (0x12B)
[1115/124201.483:WARNING:pe_image_reader.cc(340)] could not read dos header from C:\WINDOWS\System32\RPCRT4.dll
[1115/124201.483:ERROR:process_memory_win.cc(73)] ReadMemory at 0x7ffe496b0000 of 64 bytes failed: Only part of a ReadProcessMemory or WriteProcessMemory request was completed. (0x12B)
[1115/124201.483:WARNING:pe_image_reader.cc(340)] could not read dos header from C:\Program Files (x86)\BraveSoftware\Brave-Browser\Application\86.1.16.76\chrome.dll
[1115/124201.483:ERROR:process_memory_win.cc(73)] ReadMemory at 0x7ffeda310000 of 64 bytes failed: Only part of a ReadProcessMemory or WriteProcessMemory request was completed. (0x12B)
[1115/124201.483:WARNING:pe_image_reader.cc(340)] could not read dos header from C:\WINDOWS\System32\WS2_32.dll
[1115/124201.483:ERROR:process_memory_win.cc(73)] ReadMemory at 0x7ffed9e90000 of 64 bytes failed: Only part of a ReadProcessMemory or WriteProcessMemory request was completed. (0x12B)
[1115/124201.483:WARNING:pe_image_reader.cc(340)] could not read dos header from C:\WINDOWS\System32\OLEAUT32.dll
[1115/124201.483:ERROR:process_memory_win.cc(73)] ReadMemory at 0x7ffed8910000 of 64 bytes failed: Only part of a ReadProcessMemory or WriteProcessMemory request was completed. (0x12B)
[1115/124201.483:WARNING:pe_image_reader.cc(340)] could not read dos header from C:\WINDOWS\System32\msvcp_win.dll
[1115/124201.483:ERROR:process_memory_win.cc(73)] ReadMemory at 0x7ffed98f0000 of 64 bytes failed: Only part of a ReadProcessMemory or WriteProcessMemory request was completed. (0x12B)
[1115/124201.483:WARNING:pe_image_reader.cc(340)] could not read dos header from C:\WINDOWS\System32\ucrtbase.dll
[1115/124201.483:ERROR:process_memory_win.cc(73)] ReadMemory at 0x7ffed9fc0000 of 64 bytes failed: Only part of a ReadProcessMemory or WriteProcessMemory request was completed. (0x12B)
[1115/124201.483:WARNING:pe_image_reader.cc(340)] could not read dos header from C:\WINDOWS\System32\combase.dll
[1115/124201.483:ERROR:process_memory_win.cc(73)] ReadMemory at 0x7ffed9890000 of 64 bytes failed: Only part of a ReadProcessMemory or WriteProcessMemory request was completed. (0x12B)
[1115/124201.483:WARNING:pe_image_reader.cc(340)] could not read dos header from C:\WINDOWS\System32\WINTRUST.dll
[1115/124201.483:ERROR:process_memory_win.cc(73)] ReadMemory at 0x7ffed8870000 of 64 bytes failed: Only part of a ReadProcessMemory or WriteProcessMemory request was completed. (0x12B)
[1115/124201.483:WARNING:pe_image_reader.cc(340)] could not read dos header from C:\WINDOWS\System32\MSASN1.dll
[1115/124201.483:ERROR:process_memory_win.cc(73)] ReadMemory at 0x7ffed9690000 of 64 bytes failed: Only part of a ReadProcessMemory or WriteProcessMemory request was completed. (0x12B)
[1115/124201.483:WARNING:pe_image_reader.cc(340)] could not read dos header from C:\WINDOWS\System32\CRYPT32.dll
[1115/124201.483:ERROR:process_memory_win.cc(73)] ReadMemory at 0x7ffeb70e0000 of 64 bytes failed: Only part of a ReadProcessMemory or WriteProcessMemory request was completed. (0x12B)
[1115/124201.483:WARNING:pe_image_reader.cc(340)] could not read dos header from C:\WINDOWS\SYSTEM32\dbghelp.dll
[1115/124201.483:ERROR:process_memory_win.cc(73)] ReadMemory at 0x7ffed7cf0000 of 64 bytes failed: Only part of a ReadProcessMemory or WriteProcessMemory request was completed. (0x12B)
[1115/124201.483:WARNING:pe_image_reader.cc(340)] could not read dos header from C:\WINDOWS\SYSTEM32\IPHLPAPI.DLL
[1115/124201.483:ERROR:process_memory_win.cc(73)] ReadMemory at 0x7ffed5aa0000 of 64 bytes failed: Only part of a ReadProcessMemory or WriteProcessMemory request was completed. (0x12B)
[1115/124201.483:WARNING:pe_image_reader.cc(340)] could not read dos header from C:\WINDOWS\SYSTEM32\WINMM.dll
[1115/124201.483:ERROR:process_memory_win.cc(73)] ReadMemory at 0x7ffe9b3d0000 of 64 bytes failed: Only part of a ReadProcessMemory or WriteProcessMemory request was completed. (0x12B)
[1115/124201.483:WARNING:pe_image_reader.cc(340)] could not read dos header from C:\WINDOWS\SYSTEM32\UIAutomationCore.DLL
[1115/124201.483:ERROR:process_memory_win.cc(73)] ReadMemory at 0x7ffec63e0000 of 64 bytes failed: Only part of a ReadProcessMemory or WriteProcessMemory request was completed. (0x12B)
[1115/124201.483:WARNING:pe_image_reader.cc(340)] could not read dos header from C:\WINDOWS\SYSTEM32\Secur32.dll
[1115/124201.483:ERROR:process_memory_win.cc(73)] ReadMemory at 0x7ffed8710000 of 64 bytes failed: Only part of a ReadProcessMemory or WriteProcessMemory request was completed. (0x12B)
[1115/124201.483:WARNING:pe_image_reader.cc(340)] could not read dos header from C:\WINDOWS\SYSTEM32\USERENV.dll
[1115/124201.483:ERROR:process_memory_win.cc(73)] ReadMemory at 0x7ffed8890000 of 64 bytes failed: Only part of a ReadProcessMemory or WriteProcessMemory request was completed. (0x12B)
[1115/124201.483:WARNING:pe_image_reader.cc(340)] could not read dos header from C:\WINDOWS\System32\profapi.dll
[1115/124201.483:ERROR:process_memory_win.cc(73)] ReadMemory at 0x7ffeb3eb0000 of 64 bytes failed: Only part of a ReadProcessMemory or WriteProcessMemory request was completed. (0x12B)
[1115/124201.483:WARNING:pe_image_reader.cc(340)] could not read dos header from C:\WINDOWS\SYSTEM32\DWrite.dll
[1115/124201.483:ERROR:process_memory_win.cc(73)] ReadMemory at 0x7ffec41c0000 of 64 bytes failed: Only part of a ReadProcessMemory or WriteProcessMemory request was completed. (0x12B)
[1115/124201.483:WARNING:pe_image_reader.cc(340)] could not read dos header from C:\WINDOWS\SYSTEM32\WINSPOOL.DRV
[1115/124201.483:ERROR:process_memory_win.cc(73)] ReadMemory at 0x7ffed8850000 of 64 bytes failed: Only part of a ReadProcessMemory or WriteProcessMemory request was completed. (0x12B)
[1115/124201.483:WARNING:pe_image_reader.cc(340)] could not read dos header from C:\WINDOWS\System32\kernel.appcore.dll
[1115/124201.483:ERROR:process_memory_win.cc(73)] ReadMemory at 0x7ffed8a50000 of 64 bytes failed: Only part of a ReadProcessMemory or WriteProcessMemory request was completed. (0x12B)
[1115/124201.483:WARNING:pe_image_reader.cc(340)] could not read dos header from C:\WINDOWS\System32\bcrypt.dll
[1115/124201.483:ERROR:process_memory_win.cc(73)] ReadMemory at 0x7ffec9c90000 of 64 bytes failed: Only part of a ReadProcessMemory or WriteProcessMemory request was completed. (0x12B)
[1115/124201.483:WARNING:pe_image_reader.cc(340)] could not read dos header from C:\WINDOWS\SYSTEM32\WINHTTP.dll
[1115/124201.483:ERROR:process_memory_win.cc(73)] ReadMemory at 0x7ffed23e0000 of 64 bytes failed: Only part of a ReadProcessMemory or WriteProcessMemory request was completed. (0x12B)
[1115/124201.483:WARNING:pe_image_reader.cc(340)] could not read dos header from C:\WINDOWS\SYSTEM32\dhcpcsvc.DLL
[1115/124201.483:ERROR:process_memory_win.cc(73)] ReadMemory at 0x7ffed99f0000 of 64 bytes failed: Only part of a ReadProcessMemory or WriteProcessMemory request was completed. (0x12B)
[1115/124201.483:WARNING:pe_image_reader.cc(340)] could not read dos header from C:\WINDOWS\System32\NSI.dll
[1115/124201.483:ERROR:process_memory_win.cc(73)] ReadMemory at 0x7ffed5a70000 of 64 bytes failed: Only part of a ReadProcessMemory or WriteProcessMemory request was completed. (0x12B)
[1115/124201.483:WARNING:pe_image_reader.cc(340)] could not read dos header from C:\WINDOWS\SYSTEM32\WINMMBASE.dll
[1115/124201.483:ERROR:process_memory_win.cc(73)] ReadMemory at 0x7ffed88c0000 of 64 bytes failed: Only part of a ReadProcessMemory or WriteProcessMemory request was completed. (0x12B)
[1115/124201.483:WARNING:pe_image_reader.cc(340)] could not read dos header from C:\WINDOWS\System32\cfgmgr32.dll
[1115/124201.484:ERROR:process_memory_win.cc(73)] ReadMemory at 0x7ffed51a0000 of 64 bytes failed: Only part of a ReadProcessMemory or WriteProcessMemory request was completed. (0x12B)
[1115/124201.484:WARNING:pe_image_reader.cc(340)] could not read dos header from C:\WINDOWS\SYSTEM32\PROPSYS.dll
[1115/124201.484:ERROR:process_memory_win.cc(73)] ReadMemory at 0x22432950000 of 64 bytes failed: Only part of a ReadProcessMemory or WriteProcessMemory request was completed. (0x12B)
[1115/124201.484:WARNING:pe_image_reader.cc(340)] could not read dos header from C:\WINDOWS\System32\shcore.dll
[1115/124201.484:ERROR:process_memory_win.cc(73)] ReadMemory at 0x7ffed86d0000 of 64 bytes failed: Only part of a ReadProcessMemory or WriteProcessMemory request was completed. (0x12B)
[1115/124201.484:WARNING:pe_image_reader.cc(340)] could not read dos header from C:\WINDOWS\SYSTEM32\SSPICLI.DLL
[1115/124201.484:ERROR:process_memory_win.cc(73)] ReadMemory at 0x7ffed81b0000 of 64 bytes failed: Only part of a ReadProcessMemory or WriteProcessMemory request was completed. (0x12B)
[1115/124201.484:WARNING:pe_image_reader.cc(340)] could not read dos header from C:\WINDOWS\SYSTEM32\CRYPTBASE.DLL
[1115/124201.484:ERROR:process_memory_win.cc(73)] ReadMemory at 0x7ff7e18f0000 of 64 bytes failed: Only part of a ReadProcessMemory or WriteProcessMemory request was completed. (0x12B)
[1115/124201.484:WARNING:pe_image_reader.cc(340)] could not read dos header from C:\Program Files (x86)\BraveSoftware\Brave-Browser\Application\brave.exe
[1115/124201.484:ERROR:process_memory_win.cc(73)] ReadMemory at 0x7ffedb940000 of 64 bytes failed: Only part of a ReadProcessMemory or WriteProcessMemory request was completed. (0x12B)
[1115/124201.484:WARNING:pe_image_reader.cc(340)] could not read dos header from C:\WINDOWS\SYSTEM32\ntdll.dll
[1115/124201.484:ERROR:process_memory_win.cc(73)] ReadMemory at 0x7ffedb3b0000 of 64 bytes failed: Only part of a ReadProcessMemory or WriteProcessMemory request was completed. (0x12B)
[1115/124201.484:WARNING:pe_image_reader.cc(340)] could not read dos header from C:\WINDOWS\System32\KERNEL32.DLL
[1115/124201.484:ERROR:process_memory_win.cc(73)] ReadMemory at 0x7ffed93e0000 of 64 bytes failed: Only part of a ReadProcessMemory or WriteProcessMemory request was completed. (0x12B)
[1115/124201.484:WARNING:pe_image_reader.cc(340)] could not read dos header from C:\WINDOWS\System32\KERNELBASE.dll
[1115/124201.484:ERROR:process_memory_win.cc(73)] ReadMemory at 0x7ffe95780000 of 64 bytes failed: Only part of a ReadProcessMemory or WriteProcessMemory request was completed. (0x12B)
[1115/124201.484:WARNING:pe_image_reader.cc(340)] could not read dos header from C:\Program Files (x86)\BraveSoftware\Brave-Browser\Application\86.1.16.76\chrome_elf.dll
[1115/124201.484:ERROR:process_memory_win.cc(73)] ReadMemory at 0x7ffed4050000 of 64 bytes failed: Only part of a ReadProcessMemory or WriteProcessMemory request was completed. (0x12B)
[1115/124201.484:WARNING:pe_image_reader.cc(340)] could not read dos header from C:\WINDOWS\SYSTEM32\VERSION.dll
[1115/124201.484:ERROR:process_memory_win.cc(73)] ReadMemory at 0x7ffedb310000 of 64 bytes failed: Only part of a ReadProcessMemory or WriteProcessMemory request was completed. (0x12B)
[1115/124201.484:WARNING:pe_image_reader.cc(340)] could not read dos header from C:\WINDOWS\System32\msvcrt.dll
[1115/124201.484:ERROR:process_memory_win.cc(73)] ReadMemory at 0x7ffed89d0000 of 64 bytes failed: Only part of a ReadProcessMemory or WriteProcessMemory request was completed. (0x12B)
[1115/124201.484:WARNING:pe_image_reader.cc(340)] could not read dos header from C:\WINDOWS\System32\bcryptPrimitives.dll
[1115/124201.484:ERROR:process_memory_win.cc(73)] ReadMemory at 0x7ffedb6e0000 of 64 bytes failed: Only part of a ReadProcessMemory or WriteProcessMemory request was completed. (0x12B)
[1115/124201.484:WARNING:pe_image_reader.cc(340)] could not read dos header from C:\WINDOWS\System32\ADVAPI32.dll
[1115/124201.484:ERROR:process_memory_win.cc(73)] ReadMemory at 0x7ffedb640000 of 64 bytes failed: Only part of a ReadProcessMemory or WriteProcessMemory request was completed. (0x12B)
[1115/124201.484:WARNING:pe_image_reader.cc(340)] could not read dos header from C:\WINDOWS\System32\sechost.dll
[1115/124201.484:ERROR:process_memory_win.cc(73)] ReadMemory at 0x7ffedb7e0000 of 64 bytes failed: Only part of a ReadProcessMemory or WriteProcessMemory request was completed. (0x12B)
[1115/124201.484:WARNING:pe_image_reader.cc(340)] could not read dos header from C:\WINDOWS\System32\RPCRT4.dll
[1115/124201.484:ERROR:process_memory_win.cc(73)] ReadMemory at 0x7ffe496b0000 of 64 bytes failed: Only part of a ReadProcessMemory or WriteProcessMemory request was completed. (0x12B)
[1115/124201.484:WARNING:pe_image_reader.cc(340)] could not read dos header from C:\Program Files (x86)\BraveSoftware\Brave-Browser\Application\86.1.16.76\chrome.dll
[1115/124201.484:ERROR:process_memory_win.cc(73)] ReadMemory at 0x7ffeda310000 of 64 bytes failed: Only part of a ReadProcessMemory or WriteProcessMemory request was completed. (0x12B)
[1115/124201.484:WARNING:pe_image_reader.cc(340)] could not read dos header from C:\WINDOWS\System32\WS2_32.dll
[1115/124201.484:ERROR:process_memory_win.cc(73)] ReadMemory at 0x7ffed9e90000 of 64 bytes failed: Only part of a ReadProcessMemory or WriteProcessMemory request was completed. (0x12B)
[1115/124201.484:WARNING:pe_image_reader.cc(340)] could not read dos header from C:\WINDOWS\System32\OLEAUT32.dll
[1115/124201.484:ERROR:process_memory_win.cc(73)] ReadMemory at 0x7ffed8910000 of 64 bytes failed: Only part of a ReadProcessMemory or WriteProcessMemory request was completed. (0x12B)
[1115/124201.484:WARNING:pe_image_reader.cc(340)] could not read dos header from C:\WINDOWS\System32\msvcp_win.dll
[1115/124201.484:ERROR:process_memory_win.cc(73)] ReadMemory at 0x7ffed98f0000 of 64 bytes failed: Only part of a ReadProcessMemory or WriteProcessMemory request was completed. (0x12B)
[1115/124201.484:WARNING:pe_image_reader.cc(340)] could not read dos header from C:\WINDOWS\System32\ucrtbase.dll
[1115/124201.484:ERROR:process_memory_win.cc(73)] ReadMemory at 0x7ffed9fc0000 of 64 bytes failed: Only part of a ReadProcessMemory or WriteProcessMemory request was completed. (0x12B)
[1115/124201.484:WARNING:pe_image_reader.cc(340)] could not read dos header from C:\WINDOWS\System32\combase.dll
[1115/124201.484:ERROR:process_memory_win.cc(73)] ReadMemory at 0x7ffed9890000 of 64 bytes failed: Only part of a ReadProcessMemory or WriteProcessMemory request was completed. (0x12B)
[1115/124201.484:WARNING:pe_image_reader.cc(340)] could not read dos header from C:\WINDOWS\System32\WINTRUST.dll
[1115/124201.484:ERROR:process_memory_win.cc(73)] ReadMemory at 0x7ffed8870000 of 64 bytes failed: Only part of a ReadProcessMemory or WriteProcessMemory request was completed. (0x12B)
[1115/124201.484:WARNING:pe_image_reader.cc(340)] could not read dos header from C:\WINDOWS\System32\MSASN1.dll
[1115/124201.484:ERROR:process_memory_win.cc(73)] ReadMemory at 0x7ffed9690000 of 64 bytes failed: Only part of a ReadProcessMemory or WriteProcessMemory request was completed. (0x12B)
[1115/124201.484:WARNING:pe_image_reader.cc(340)] could not read dos header from C:\WINDOWS\System32\CRYPT32.dll
[1115/124201.484:ERROR:process_memory_win.cc(73)] ReadMemory at 0x7ffeb70e0000 of 64 bytes failed: Only part of a ReadProcessMemory or WriteProcessMemory request was completed. (0x12B)
[1115/124201.484:WARNING:pe_image_reader.cc(340)] could not read dos header from C:\WINDOWS\SYSTEM32\dbghelp.dll
[1115/124201.484:ERROR:process_memory_win.cc(73)] ReadMemory at 0x7ffed7cf0000 of 64 bytes failed: Only part of a ReadProcessMemory or WriteProcessMemory request was completed. (0x12B)
[1115/124201.484:WARNING:pe_image_reader.cc(340)] could not read dos header from C:\WINDOWS\SYSTEM32\IPHLPAPI.DLL
[1115/124201.484:ERROR:process_memory_win.cc(73)] ReadMemory at 0x7ffed5aa0000 of 64 bytes failed: Only part of a ReadProcessMemory or WriteProcessMemory request was completed. (0x12B)
[1115/124201.485:WARNING:pe_image_reader.cc(340)] could not read dos header from C:\WINDOWS\SYSTEM32\WINMM.dll
[1115/124201.485:ERROR:process_memory_win.cc(73)] ReadMemory at 0x7ffe9b3d0000 of 64 bytes failed: Only part of a ReadProcessMemory or WriteProcessMemory request was completed. (0x12B)
[1115/124201.485:WARNING:pe_image_reader.cc(340)] could not read dos header from C:\WINDOWS\SYSTEM32\UIAutomationCore.DLL
[1115/124201.485:ERROR:process_memory_win.cc(73)] ReadMemory at 0x7ffec63e0000 of 64 bytes failed: Only part of a ReadProcessMemory or WriteProcessMemory request was completed. (0x12B)
[1115/124201.485:WARNING:pe_image_reader.cc(340)] could not read dos header from C:\WINDOWS\SYSTEM32\Secur32.dll
[1115/124201.485:ERROR:process_memory_win.cc(73)] ReadMemory at 0x7ffed8710000 of 64 bytes failed: Only part of a ReadProcessMemory or WriteProcessMemory request was completed. (0x12B)
[1115/124201.485:WARNING:pe_image_reader.cc(340)] could not read dos header from C:\WINDOWS\SYSTEM32\USERENV.dll
[1115/124201.485:ERROR:process_memory_win.cc(73)] ReadMemory at 0x7ffed8890000 of 64 bytes failed: Only part of a ReadProcessMemory or WriteProcessMemory request was completed. (0x12B)
[1115/124201.485:WARNING:pe_image_reader.cc(340)] could not read dos header from C:\WINDOWS\System32\profapi.dll
[1115/124201.485:ERROR:process_memory_win.cc(73)] ReadMemory at 0x7ffeb3eb0000 of 64 bytes failed: Only part of a ReadProcessMemory or WriteProcessMemory request was completed. (0x12B)
[1115/124201.485:WARNING:pe_image_reader.cc(340)] could not read dos header from C:\WINDOWS\SYSTEM32\DWrite.dll
[1115/124201.485:ERROR:process_memory_win.cc(73)] ReadMemory at 0x7ffec41c0000 of 64 bytes failed: Only part of a ReadProcessMemory or WriteProcessMemory request was completed. (0x12B)
[1115/124201.485:WARNING:pe_image_reader.cc(340)] could not read dos header from C:\WINDOWS\SYSTEM32\WINSPOOL.DRV
[1115/124201.485:ERROR:process_memory_win.cc(73)] ReadMemory at 0x7ffed8850000 of 64 bytes failed: Only part of a ReadProcessMemory or WriteProcessMemory request was completed. (0x12B)
[1115/124201.485:WARNING:pe_image_reader.cc(340)] could not read dos header from C:\WINDOWS\System32\kernel.appcore.dll
[1115/124201.485:ERROR:process_memory_win.cc(73)] ReadMemory at 0x7ffed8a50000 of 64 bytes failed: Only part of a ReadProcessMemory or WriteProcessMemory request was completed. (0x12B)
[1115/124201.485:WARNING:pe_image_reader.cc(340)] could not read dos header from C:\WINDOWS\System32\bcrypt.dll
[1115/124201.485:ERROR:process_memory_win.cc(73)] ReadMemory at 0x7ffec9c90000 of 64 bytes failed: Only part of a ReadProcessMemory or WriteProcessMemory request was completed. (0x12B)
[1115/124201.485:WARNING:pe_image_reader.cc(340)] could not read dos header from C:\WINDOWS\SYSTEM32\WINHTTP.dll
[1115/124201.485:ERROR:process_memory_win.cc(73)] ReadMemory at 0x7ffed23e0000 of 64 bytes failed: Only part of a ReadProcessMemory or WriteProcessMemory request was completed. (0x12B)
[1115/124201.485:WARNING:pe_image_reader.cc(340)] could not read dos header from C:\WINDOWS\SYSTEM32\dhcpcsvc.DLL
[1115/124201.485:ERROR:process_memory_win.cc(73)] ReadMemory at 0x7ffed99f0000 of 64 bytes failed: Only part of a ReadProcessMemory or WriteProcessMemory request was completed. (0x12B)
[1115/124201.485:WARNING:pe_image_reader.cc(340)] could not read dos header from C:\WINDOWS\System32\NSI.dll
[1115/124201.485:ERROR:process_memory_win.cc(73)] ReadMemory at 0x7ffed5a70000 of 64 bytes failed: Only part of a ReadProcessMemory or WriteProcessMemory request was completed. (0x12B)
[1115/124201.485:WARNING:pe_image_reader.cc(340)] could not read dos header from C:\WINDOWS\SYSTEM32\WINMMBASE.dll
[1115/124201.485:ERROR:process_memory_win.cc(73)] ReadMemory at 0x7ffed88c0000 of 64 bytes failed: Only part of a ReadProcessMemory or WriteProcessMemory request was completed. (0x12B)
[1115/124201.485:WARNING:pe_image_reader.cc(340)] could not read dos header from C:\WINDOWS\System32\cfgmgr32.dll
[1115/124201.485:ERROR:process_memory_win.cc(73)] ReadMemory at 0x7ffed51a0000 of 64 bytes failed: Only part of a ReadProcessMemory or WriteProcessMemory request was completed. (0x12B)
[1115/124201.485:WARNING:pe_image_reader.cc(340)] could not read dos header from C:\WINDOWS\SYSTEM32\PROPSYS.dll
[1115/124201.485:ERROR:process_memory_win.cc(73)] ReadMemory at 0x22432950000 of 64 bytes failed: Only part of a ReadProcessMemory or WriteProcessMemory request was completed. (0x12B)
[1115/124201.485:WARNING:pe_image_reader.cc(340)] could not read dos header from C:\WINDOWS\System32\shcore.dll
[1115/124201.485:ERROR:process_memory_win.cc(73)] ReadMemory at 0x7ffed86d0000 of 64 bytes failed: Only part of a ReadProcessMemory or WriteProcessMemory request was completed. (0x12B)
[1115/124201.485:WARNING:pe_image_reader.cc(340)] could not read dos header from C:\WINDOWS\SYSTEM32\SSPICLI.DLL
[1115/124201.485:ERROR:process_memory_win.cc(73)] ReadMemory at 0x7ffed81b0000 of 64 bytes failed: Only part of a ReadProcessMemory or WriteProcessMemory request was completed. (0x12B)
[1115/124201.485:WARNING:pe_image_reader.cc(340)] could not read dos header from C:\WINDOWS\SYSTEM32\CRYPTBASE.DLL
[1115/124201.710:ERROR:process_memory_win.cc(73)] ReadMemory at 0xe86a1ec000 of 81920 bytes failed: Only part of a ReadProcessMemory or WriteProcessMemory request was completed. (0x12B)
[1115/124201.711:ERROR:process_memory_win.cc(73)] ReadMemory at 0xe86a9fe000 of 8192 bytes failed: Only part of a ReadProcessMemory or WriteProcessMemory request was completed. (0x12B)
[1115/124201.711:ERROR:process_memory_win.cc(73)] ReadMemory at 0xe86b9fe000 of 8192 bytes failed: Only part of a ReadProcessMemory or WriteProcessMemory request was completed. (0x12B)
[1115/124201.711:ERROR:process_memory_win.cc(73)] ReadMemory at 0xe86c1fd000 of 12288 bytes failed: Only part of a ReadProcessMemory or WriteProcessMemory request was completed. (0x12B)
[1115/124201.711:ERROR:process_memory_win.cc(73)] ReadMemory at 0xe86d1ff000 of 4096 bytes failed: Only part of a ReadProcessMemory or WriteProcessMemory request was completed. (0x12B)
[1115/124201.711:ERROR:process_memory_win.cc(73)] ReadMemory at 0xe86d9fe000 of 8192 bytes failed: Only part of a ReadProcessMemory or WriteProcessMemory request was completed. (0x12B)
[1115/124201.711:ERROR:process_memory_win.cc(73)] ReadMemory at 0xe86e1fd000 of 12288 bytes failed: Only part of a ReadProcessMemory or WriteProcessMemory request was completed. (0x12B)
[1115/124201.711:ERROR:process_memory_win.cc(73)] ReadMemory at 0xe86f1fe000 of 8192 bytes failed: Only part of a ReadProcessMemory or WriteProcessMemory request was completed. (0x12B)
[1115/124201.711:ERROR:process_memory_win.cc(73)] ReadMemory at 0xe86f9fa000 of 24576 bytes failed: Only part of a ReadProcessMemory or WriteProcessMemory request was completed. (0x12B)
[1115/124201.711:ERROR:process_memory_win.cc(73)] ReadMemory at 0xe8701fa000 of 24576 bytes failed: Only part of a ReadProcessMemory or WriteProcessMemory request was completed. (0x12B)
[1115/124201.711:ERROR:process_memory_win.cc(73)] ReadMemory at 0xe8709fa000 of 24576 bytes failed: Only part of a ReadProcessMemory or WriteProcessMemory request was completed. (0x12B)
[1115/124201.712:ERROR:process_memory_win.cc(73)] ReadMemory at 0xe8711fa000 of 24576 bytes failed: Only part of a ReadProcessMemory or WriteProcessMemory request was completed. (0x12B)
[1115/124201.712:ERROR:process_memory_win.cc(73)] ReadMemory at 0xe8719fe000 of 8192 bytes failed: Only part of a ReadProcessMemory or WriteProcessMemory request was completed. (0x12B)
[1115/124201.712:ERROR:process_memory_win.cc(73)] ReadMemory at 0xe86c9fe000 of 8192 bytes failed: Only part of a ReadProcessMemory or WriteProcessMemory request was completed. (0x12B)
[1115/124201.712:ERROR:process_memory_win.cc(73)] ReadMemory at 0xe86b1f7000 of 36864 bytes failed: Only part of a ReadProcessMemory or WriteProcessMemory request was completed. (0x12B)
[1115/124201.712:ERROR:process_memory_win.cc(73)] ReadMemory at 0xe86e9fd000 of 12288 bytes failed: Only part of a ReadProcessMemory or WriteProcessMemory request was completed. (0x12B)
[1115/124201.712:ERROR:process_memory_win.cc(73)] ReadMemory at 0xe8721f7000 of 36864 bytes failed: Only part of a ReadProcessMemory or WriteProcessMemory request was completed. (0x12B)
[1115/124201.712:ERROR:process_memory_win.cc(73)] ReadMemory at 0xe8731f7000 of 36864 bytes failed: Only part of a ReadProcessMemory or WriteProcessMemory request was completed. (0x12B)
[1115/124201.712:ERROR:process_memory_win.cc(73)] ReadMemory at 0xe8739f7000 of 36864 bytes failed: Only part of a ReadProcessMemory or WriteProcessMemory request was completed. (0x12B)
[1115/124201.712:ERROR:process_memory_win.cc(73)] ReadMemory at 0xe8741f7000 of 36864 bytes failed: Only part of a ReadProcessMemory or WriteProcessMemory request was completed. (0x12B)
[1115/124201.712:ERROR:process_memory_win.cc(73)] ReadMemory at 0xe8729f7000 of 36864 bytes failed: Only part of a ReadProcessMemory or WriteProcessMemory request was completed. (0x12B)
[1115/124201.712:ERROR:process_memory_win.cc(73)] ReadMemory at 0xe86984d000 of 852 bytes failed: Only part of a ReadProcessMemory or WriteProcessMemory request was completed. (0x12B)
[1115/124201.723:ERROR:process_memory_win.cc(73)] ReadMemory at 0xe86984e000 of 6024 bytes failed: Only part of a ReadProcessMemory or WriteProcessMemory request was completed. (0x12B)
[1115/124201.723:ERROR:process_memory_win.cc(73)] ReadMemory at 0xe869850000 of 6024 bytes failed: Only part of a ReadProcessMemory or WriteProcessMemory request was completed. (0x12B)
[1115/124201.723:ERROR:process_memory_win.cc(73)] ReadMemory at 0xe869854000 of 6024 bytes failed: Only part of a ReadProcessMemory or WriteProcessMemory request was completed. (0x12B)
[1115/124201.723:ERROR:process_memory_win.cc(73)] ReadMemory at 0xe869856000 of 6024 bytes failed: Only part of a ReadProcessMemory or WriteProcessMemory request was completed. (0x12B)
[1115/124201.723:ERROR:process_memory_win.cc(73)] ReadMemory at 0xe86985a000 of 6024 bytes failed: Only part of a ReadProcessMemory or WriteProcessMemory request was completed. (0x12B)
[1115/124201.723:ERROR:process_memory_win.cc(73)] ReadMemory at 0xe86985c000 of 6024 bytes failed: Only part of a ReadProcessMemory or WriteProcessMemory request was completed. (0x12B)
[1115/124201.723:ERROR:process_memory_win.cc(73)] ReadMemory at 0xe86985e000 of 6024 bytes failed: Only part of a ReadProcessMemory or WriteProcessMemory request was completed. (0x12B)
[1115/124201.724:ERROR:process_memory_win.cc(73)] ReadMemory at 0xe869862000 of 6024 bytes failed: Only part of a ReadProcessMemory or WriteProcessMemory request was completed. (0x12B)
[1115/124201.724:ERROR:process_memory_win.cc(73)] ReadMemory at 0xe869864000 of 6024 bytes failed: Only part of a ReadProcessMemory or WriteProcessMemory request was completed. (0x12B)
[1115/124201.724:ERROR:process_memory_win.cc(73)] ReadMemory at 0xe869866000 of 6024 bytes failed: Only part of a ReadProcessMemory or WriteProcessMemory request was completed. (0x12B)
[1115/124201.724:ERROR:process_memory_win.cc(73)] ReadMemory at 0xe869868000 of 6024 bytes failed: Only part of a ReadProcessMemory or WriteProcessMemory request was completed. (0x12B)
[1115/124201.724:ERROR:process_memory_win.cc(73)] ReadMemory at 0xe86986a000 of 6024 bytes failed: Only part of a ReadProcessMemory or WriteProcessMemory request was completed. (0x12B)
[1115/124201.724:ERROR:process_memory_win.cc(73)] ReadMemory at 0xe86986c000 of 6024 bytes failed: Only part of a ReadProcessMemory or WriteProcessMemory request was completed. (0x12B)
[1115/124201.724:ERROR:process_memory_win.cc(73)] ReadMemory at 0xe869884000 of 6024 bytes failed: Only part of a ReadProcessMemory or WriteProcessMemory request was completed. (0x12B)
[1115/124201.724:ERROR:process_memory_win.cc(73)] ReadMemory at 0xe869910000 of 6024 bytes failed: Only part of a ReadProcessMemory or WriteProcessMemory request was completed. (0x12B)
[1115/124201.724:ERROR:process_memory_win.cc(73)] ReadMemory at 0xe869912000 of 6024 bytes failed: Only part of a ReadProcessMemory or WriteProcessMemory request was completed. (0x12B)
[1115/124201.724:ERROR:process_memory_win.cc(73)] ReadMemory at 0xe869914000 of 6024 bytes failed: Only part of a ReadProcessMemory or WriteProcessMemory request was completed. (0x12B)
[1115/124201.724:ERROR:process_memory_win.cc(73)] ReadMemory at 0xe869916000 of 6024 bytes failed: Only part of a ReadProcessMemory or WriteProcessMemory request was completed. (0x12B)
[1115/124201.724:ERROR:process_memory_win.cc(73)] ReadMemory at 0xe869918000 of 6024 bytes failed: Only part of a ReadProcessMemory or WriteProcessMemory request was completed. (0x12B)
[1115/124201.725:ERROR:process_memory_win.cc(73)] ReadMemory at 0xe86991c000 of 6024 bytes failed: Only part of a ReadProcessMemory or WriteProcessMemory request was completed. (0x12B)
[1115/124201.725:ERROR:process_memory_win.cc(73)] ReadMemory at 0xe86991e000 of 6024 bytes failed: Only part of a ReadProcessMemory or WriteProcessMemory request was completed. (0x12B)
[1115/124201.725:ERROR:process_memory_win.cc(73)] ReadMemory at 0x22432470ca0 of 512 bytes failed: Only part of a ReadProcessMemory or WriteProcessMemory request was completed. (0x12B)
[1115/124201.725:ERROR:process_memory_win.cc(73)] ReadMemory at 0x224324d9e40 of 1012 bytes failed: Only part of a ReadProcessMemory or WriteProcessMemory request was completed. (0x12B)
[1115/124201.725:ERROR:process_memory_win.cc(73)] ReadMemory at 0x224324da488 of 144 bytes failed: Only part of a ReadProcessMemory or WriteProcessMemory request was completed. (0x12B)
[1115/124201.725:ERROR:process_memory_win.cc(73)] ReadMemory at 0x224324da51a of 2178 bytes failed: Only part of a ReadProcessMemory or WriteProcessMemory request was completed. (0x12B)
[1115/124201.725:ERROR:process_memory_win.cc(73)] ReadMemory at 0x224324dad9e of 144 bytes failed: Only part of a ReadProcessMemory or WriteProcessMemory request was completed. (0x12B)
[1115/124201.725:ERROR:process_memory_win.cc(73)] ReadMemory at 0x224324dae30 of 96 bytes failed: Only part of a ReadProcessMemory or WriteProcessMemory request was completed. (0x12B)
[1115/124201.725:ERROR:process_memory_win.cc(73)] ReadMemory at 0x224324daea0 of 58 bytes failed: Only part of a ReadProcessMemory or WriteProcessMemory request was completed. (0x12B)
[1115/124201.725:ERROR:process_memory_win.cc(73)] ReadMemory at 0x224324dafa0 of 132 bytes failed: Only part of a ReadProcessMemory or WriteProcessMemory request was completed. (0x12B)
[1115/124201.725:ERROR:process_memory_win.cc(73)] ReadMemory at 0x224324db130 of 132 bytes failed: Only part of a ReadProcessMemory or WriteProcessMemory request was completed. (0x12B)
[1115/124202.069:ERROR:process_memory_win.cc(73)] ReadMemory at 0x224324db2f0 of 148 bytes failed: Only part of a ReadProcessMemory or WriteProcessMemory request was completed. (0x12B)
[1115/124202.069:ERROR:process_memory_win.cc(73)] ReadMemory at 0x224324db7f0 of 132 bytes failed: Only part of a ReadProcessMemory or WriteProcessMemory request was completed. (0x12B)
[1115/124202.069:ERROR:process_memory_win.cc(73)] ReadMemory at 0x224324db980 of 64 bytes failed: Only part of a ReadProcessMemory or WriteProcessMemory request was completed. (0x12B)
[1115/124202.069:ERROR:process_memory_win.cc(73)] ReadMemory at 0x224324dbb50 of 132 bytes failed: Only part of a ReadProcessMemory or WriteProcessMemory request was completed. (0x12B)
[1115/124202.069:ERROR:process_memory_win.cc(73)] ReadMemory at 0x224324dbde0 of 132 bytes failed: Only part of a ReadProcessMemory or WriteProcessMemory request was completed. (0x12B)
[1115/124202.069:ERROR:process_memory_win.cc(73)] ReadMemory at 0x224324dbf70 of 68 bytes failed: Only part of a ReadProcessMemory or WriteProcessMemory request was completed. (0x12B)
[1115/124202.069:ERROR:process_memory_win.cc(73)] ReadMemory at 0x224324dd310 of 132 bytes failed: Only part of a ReadProcessMemory or WriteProcessMemory request was completed. (0x12B)
[1115/124202.069:ERROR:process_memory_win.cc(73)] ReadMemory at 0x224324dd4a0 of 176 bytes failed: Only part of a ReadProcessMemory or WriteProcessMemory request was completed. (0x12B)
[1115/124202.069:ERROR:process_memory_win.cc(73)] ReadMemory at 0x224324de1e0 of 62 bytes failed: Only part of a ReadProcessMemory or WriteProcessMemory request was completed. (0x12B)
[1115/124202.069:ERROR:process_memory_win.cc(73)] ReadMemory at 0x224324de340 of 132 bytes failed: Only part of a ReadProcessMemory or WriteProcessMemory request was completed. (0x12B)
[1115/124202.070:ERROR:process_memory_win.cc(73)] ReadMemory at 0x224324de4d0 of 60 bytes failed: Only part of a ReadProcessMemory or WriteProcessMemory request was completed. (0x12B)
[1115/124202.070:ERROR:process_memory_win.cc(73)] ReadMemory at 0x224324e8902 of 512 bytes failed: Only part of a ReadProcessMemory or WriteProcessMemory request was completed. (0x12B)
[1115/124202.070:ERROR:process_memory_win.cc(73)] ReadMemory at 0x224324ee920 of 60 bytes failed: Only part of a ReadProcessMemory or WriteProcessMemory request was completed. (0x12B)
[1115/124202.070:ERROR:process_memory_win.cc(73)] ReadMemory at 0x224324eed30 of 62 bytes failed: Only part of a ReadProcessMemory or WriteProcessMemory request was completed. (0x12B)
[1115/124202.070:ERROR:process_memory_win.cc(73)] ReadMemory at 0x224324ef000 of 62 bytes failed: Only part of a ReadProcessMemory or WriteProcessMemory request was completed. (0x12B)
[1115/124202.070:ERROR:process_memory_win.cc(73)] ReadMemory at 0x224324f5850 of 54 bytes failed: Only part of a ReadProcessMemory or WriteProcessMemory request was completed. (0x12B)
[1115/124202.070:ERROR:process_memory_win.cc(73)] ReadMemory at 0x224324f7240 of 80 bytes failed: Only part of a ReadProcessMemory or WriteProcessMemory request was completed. (0x12B)
[1115/124202.088:ERROR:process_memory_win.cc(73)] ReadMemory at 0x224324f7300 of 80 bytes failed: Only part of a ReadProcessMemory or WriteProcessMemory request was completed. (0x12B)
[1115/124202.120:ERROR:process_memory_win.cc(73)] ReadMemory at 0x224324f7540 of 76 bytes failed: Only part of a ReadProcessMemory or WriteProcessMemory request was completed. (0x12B)
[1115/124202.122:ERROR:process_memory_win.cc(73)] ReadMemory at 0x224324fe6c0 of 132 bytes failed: Only part of a ReadProcessMemory or WriteProcessMemory request was completed. (0x12B)
[1115/124202.122:ERROR:process_memory_win.cc(73)] ReadMemory at 0x224324fe840 of 132 bytes failed: Only part of a ReadProcessMemory or WriteProcessMemory request was completed. (0x12B)
[1115/124202.122:ERROR:process_memory_win.cc(73)] ReadMemory at 0x224324fe970 of 132 bytes failed: Only part of a ReadProcessMemory or WriteProcessMemory request was completed. (0x12B)
[1115/124202.520:ERROR:process_memory_win.cc(73)] ReadMemory at 0x224324feaa0 of 132 bytes failed: Only part of a ReadProcessMemory or WriteProcessMemory request was completed. (0x12B)
[1115/124202.520:ERROR:process_memory_win.cc(73)] ReadMemory at 0x224324febd0 of 132 bytes failed: Only part of a ReadProcessMemory or WriteProcessMemory request was completed. (0x12B)
[1115/124202.520:ERROR:process_memory_win.cc(73)] ReadMemory at 0x224324fed00 of 132 bytes failed: Only part of a ReadProcessMemory or WriteProcessMemory request was completed. (0x12B)
[1115/124202.520:ERROR:process_memory_win.cc(73)] ReadMemory at 0x224324fee30 of 132 bytes failed: Only part of a ReadProcessMemory or WriteProcessMemory request was completed. (0x12B)
[1115/124202.521:ERROR:process_memory_win.cc(73)] ReadMemory at 0x224324fef60 of 132 bytes failed: Only part of a ReadProcessMemory or WriteProcessMemory request was completed. (0x12B)
[1115/124202.736:ERROR:process_memory_win.cc(73)] ReadMemory at 0x224324ff090 of 132 bytes failed: Only part of a ReadProcessMemory or WriteProcessMemory request was completed. (0x12B)
[1115/124202.737:ERROR:process_memory_win.cc(73)] ReadMemory at 0x224324ff1c0 of 132 bytes failed: Only part of a ReadProcessMemory or WriteProcessMemory request was completed. (0x12B)
[1115/124202.809:ERROR:process_memory_win.cc(73)] ReadMemory at 0x224324ff2f0 of 132 bytes failed: Only part of a ReadProcessMemory or WriteProcessMemory request was completed. (0x12B)
[1115/124202.809:ERROR:process_memory_win.cc(73)] ReadMemory at 0x224324ff420 of 132 bytes failed: Only part of a ReadProcessMemory or WriteProcessMemory request was completed. (0x12B)
[1115/124202.817:ERROR:process_memory_win.cc(73)] ReadMemory at 0x224324ff550 of 132 bytes failed: Only part of a ReadProcessMemory or WriteProcessMemory request was completed. (0x12B)
[1115/124202.817:ERROR:process_memory_win.cc(73)] ReadMemory at 0x22432502f30 of 132 bytes failed: Only part of a ReadProcessMemory or WriteProcessMemory request was completed. (0x12B)
[1115/124202.817:ERROR:process_memory_win.cc(73)] ReadMemory at 0x224325037c0 of 168 bytes failed: Only part of a ReadProcessMemory or WriteProcessMemory request was completed. (0x12B)
[1115/124202.817:ERROR:process_memory_win.cc(73)] ReadMemory at 0x224325038a0 of 132 bytes failed: Only part of a ReadProcessMemory or WriteProcessMemory request was completed. (0x12B)
[1115/124202.817:ERROR:process_memory_win.cc(73)] ReadMemory at 0x22432505c40 of 132 bytes failed: Only part of a ReadProcessMemory or WriteProcessMemory request was completed. (0x12B)
[1115/124202.817:ERROR:process_memory_win.cc(73)] ReadMemory at 0x22432505e60 of 132 bytes failed: Only part of a ReadProcessMemory or WriteProcessMemory request was completed. (0x12B)
[1115/124202.817:ERROR:process_memory_win.cc(73)] ReadMemory at 0x22432506b30 of 132 bytes failed: Only part of a ReadProcessMemory or WriteProcessMemory request was completed. (0x12B)
[1115/124203.012:ERROR:process_memory_win.cc(73)] ReadMemory at 0x22432508130 of 132 bytes failed: Only part of a ReadProcessMemory or WriteProcessMemory request was completed. (0x12B)
[1115/124203.597:ERROR:process_memory_win.cc(73)] ReadMemory at 0x224325085f0 of 132 bytes failed: Only part of a ReadProcessMemory or WriteProcessMemory request was completed. (0x12B)
[1115/124203.597:ERROR:process_memory_win.cc(73)] ReadMemory at 0x22432508980 of 132 bytes failed: Only part of a ReadProcessMemory or WriteProcessMemory request was completed. (0x12B)
[1115/124203.598:ERROR:process_memory_win.cc(73)] ReadMemory at 0x22432508d10 of 132 bytes failed: Only part of a ReadProcessMemory or WriteProcessMemory request was completed. (0x12B)
[1115/124203.598:ERROR:process_memory_win.cc(73)] ReadMemory at 0x22432508e40 of 132 bytes failed: Only part of a ReadProcessMemory or WriteProcessMemory request was completed. (0x12B)
[1115/124203.598:ERROR:process_memory_win.cc(73)] ReadMemory at 0x22432508f70 of 132 bytes failed: Only part of a ReadProcessMemory or WriteProcessMemory request was completed. (0x12B)
[1115/124203.598:ERROR:process_memory_win.cc(73)] ReadMemory at 0x224325090a0 of 132 bytes failed: Only part of a ReadProcessMemory or WriteProcessMemory request was completed. (0x12B)
[1115/124203.598:ERROR:process_memory_win.cc(73)] ReadMemory at 0x224325091d0 of 132 bytes failed: Only part of a ReadProcessMemory or WriteProcessMemory request was completed. (0x12B)
[1115/124203.598:ERROR:process_memory_win.cc(73)] ReadMemory at 0x22432509430 of 132 bytes failed: Only part of a ReadProcessMemory or WriteProcessMemory request was completed. (0x12B)
[1115/124203.606:ERROR:process_memory_win.cc(73)] ReadMemory at 0x22432509690 of 132 bytes failed: Only part of a ReadProcessMemory or WriteProcessMemory request was completed. (0x12B)
[1115/124203.606:ERROR:process_memory_win.cc(73)] ReadMemory at 0x224325097c0 of 132 bytes failed: Only part of a ReadProcessMemory or WriteProcessMemory request was completed. (0x12B)
[1115/124203.606:ERROR:process_memory_win.cc(73)] ReadMemory at 0x2243250b250 of 60 bytes failed: Only part of a ReadProcessMemory or WriteProcessMemory request was completed. (0x12B)
[1115/124203.606:ERROR:process_memory_win.cc(73)] ReadMemory at 0x2243250b3e0 of 66 bytes failed: Only part of a ReadProcessMemory or WriteProcessMemory request was completed. (0x12B)
[1115/124203.606:ERROR:process_memory_win.cc(73)] ReadMemory at 0x2243250b430 of 62 bytes failed: Only part of a ReadProcessMemory or WriteProcessMemory request was completed. (0x12B)
[1115/124203.606:ERROR:process_memory_win.cc(73)] ReadMemory at 0x2243250b4d0 of 64 bytes failed: Only part of a ReadProcessMemory or WriteProcessMemory request was completed. (0x12B)
[1115/124203.606:ERROR:process_memory_win.cc(73)] ReadMemory at 0x2243250b570 of 60 bytes failed: Only part of a ReadProcessMemory or WriteProcessMemory request was completed. (0x12B)
[1115/124203.606:ERROR:process_memory_win.cc(73)] ReadMemory at 0x2243250b750 of 64 bytes failed: Only part of a ReadProcessMemory or WriteProcessMemory request was completed. (0x12B)
[1115/124203.606:ERROR:process_memory_win.cc(73)] ReadMemory at 0x2243250b7f0 of 62 bytes failed: Only part of a ReadProcessMemory or WriteProcessMemory request was completed. (0x12B)
[1115/124203.606:ERROR:process_memory_win.cc(73)] ReadMemory at 0x2243250b840 of 64 bytes failed: Only part of a ReadProcessMemory or WriteProcessMemory request was completed. (0x12B)
[1115/124203.606:ERROR:process_memory_win.cc(73)] ReadMemory at 0x2243250b890 of 62 bytes failed: Only part of a ReadProcessMemory or WriteProcessMemory request was completed. (0x12B)
[1115/124203.606:ERROR:process_memory_win.cc(73)] ReadMemory at 0x2243250b930 of 64 bytes failed: Only part of a ReadProcessMemory or WriteProcessMemory request was completed. (0x12B)
[1115/124203.606:ERROR:process_memory_win.cc(73)] ReadMemory at 0x2243250b9d0 of 60 bytes failed: Only part of a ReadProcessMemory or WriteProcessMemory request was completed. (0x12B)
[1115/124203.606:ERROR:process_memory_win.cc(73)] ReadMemory at 0x2243250ba70 of 62 bytes failed: Only part of a ReadProcessMemory or WriteProcessMemory request was completed. (0x12B)
[1115/124203.730:ERROR:process_memory_win.cc(73)] ReadMemory at 0x2243250bb10 of 62 bytes failed: Only part of a ReadProcessMemory or WriteProcessMemory request was completed. (0x12B)
[1115/124203.731:ERROR:process_memory_win.cc(73)] ReadMemory at 0x2243250bbb0 of 64 bytes failed: Only part of a ReadProcessMemory or WriteProcessMemory request was completed. (0x12B)
[1115/124203.731:ERROR:process_memory_win.cc(73)] ReadMemory at 0x2243250bcf0 of 64 bytes failed: Only part of a ReadProcessMemory or WriteProcessMemory request was completed. (0x12B)
[1115/124203.731:ERROR:process_memory_win.cc(73)] ReadMemory at 0x2243250be30 of 62 bytes failed: Only part of a ReadProcessMemory or WriteProcessMemory request was completed. (0x12B)
[1115/124203.731:ERROR:process_memory_win.cc(73)] ReadMemory at 0x2243250be80 of 62 bytes failed: Only part of a ReadProcessMemory or WriteProcessMemory request was completed. (0x12B)
[1115/124203.731:ERROR:process_memory_win.cc(73)] ReadMemory at 0x2243250bed0 of 64 bytes failed: Only part of a ReadProcessMemory or WriteProcessMemory request was completed. (0x12B)
[1115/124203.731:ERROR:process_memory_win.cc(73)] ReadMemory at 0x2243250bf20 of 60 bytes failed: Only part of a ReadProcessMemory or WriteProcessMemory request was completed. (0x12B)
[1115/124203.731:ERROR:process_memory_win.cc(73)] ReadMemory at 0x2243250bf70 of 62 bytes failed: Only part of a ReadProcessMemory or WriteProcessMemory request was completed. (0x12B)
[1115/124203.731:ERROR:process_memory_win.cc(73)] ReadMemory at 0x2243250bfc0 of 64 bytes failed: Only part of a ReadProcessMemory or WriteProcessMemory request was completed. (0x12B)
[1115/124203.731:ERROR:process_memory_win.cc(73)] ReadMemory at 0x2243250c010 of 60 bytes failed: Only part of a ReadProcessMemory or WriteProcessMemory request was completed. (0x12B)
[1115/124203.865:ERROR:process_memory_win.cc(73)] ReadMemory at 0x2243250c0b0 of 58 bytes failed: Only part of a ReadProcessMemory or WriteProcessMemory request was completed. (0x12B)
[1115/124203.865:ERROR:process_memory_win.cc(73)] ReadMemory at 0x2243250c100 of 66 bytes failed: Only part of a ReadProcessMemory or WriteProcessMemory request was completed. (0x12B)
[1115/124203.865:ERROR:process_memory_win.cc(73)] ReadMemory at 0x2243250e080 of 132 bytes failed: Only part of a ReadProcessMemory or WriteProcessMemory request was completed. (0x12B)
[1115/124203.865:ERROR:process_memory_win.cc(73)] ReadMemory at 0x2243250f500 of 132 bytes failed: Only part of a ReadProcessMemory or WriteProcessMemory request was completed. (0x12B)
[1115/124203.923:ERROR:process_memory_win.cc(73)] ReadMemory at 0x2243250f630 of 132 bytes failed: Only part of a ReadProcessMemory or WriteProcessMemory request was completed. (0x12B)
[1115/124203.923:ERROR:process_memory_win.cc(73)] ReadMemory at 0x22432a15b20 of 512 bytes failed: Only part of a ReadProcessMemory or WriteProcessMemory request was completed. (0x12B)
[1115/124203.923:ERROR:process_memory_win.cc(73)] ReadMemory at 0x22432a57a00 of 512 bytes failed: Only part of a ReadProcessMemory or WriteProcessMemory request was completed. (0x12B)
[1115/124203.923:ERROR:process_memory_win.cc(73)] ReadMemory at 0x22432a580d0 of 512 bytes failed: Only part of a ReadProcessMemory or WriteProcessMemory request was completed. (0x12B)
[1115/124203.923:ERROR:process_memory_win.cc(73)] ReadMemory at 0x22432a61680 of 712 bytes failed: Only part of a ReadProcessMemory or WriteProcessMemory request was completed. (0x12B)
[1115/124203.923:ERROR:process_memory_win.cc(73)] ReadMemory at 0x22432a90e10 of 512 bytes failed: Only part of a ReadProcessMemory or WriteProcessMemory request was completed. (0x12B)
[1115/124203.923:ERROR:process_memory_win.cc(73)] ReadMemory at 0x22432af57d0 of 560 bytes failed: Only part of a ReadProcessMemory or WriteProcessMemory request was completed. (0x12B)
[1115/124203.923:ERROR:process_memory_win.cc(73)] ReadMemory at 0x22434ac7f20 of 512 bytes failed: Only part of a ReadProcessMemory or WriteProcessMemory request was completed. (0x12B)
[1115/124204.010:ERROR:process_memory_win.cc(73)] ReadMemory at 0x22434b582e1 of 512 bytes failed: Only part of a ReadProcessMemory or WriteProcessMemory request was completed. (0x12B)
[1115/124204.010:ERROR:process_memory_win.cc(73)] ReadMemory at 0x224350c3320 of 512 bytes failed: Only part of a ReadProcessMemory or WriteProcessMemory request was completed. (0x12B)
[1115/124204.010:ERROR:process_memory_win.cc(73)] ReadMemory at 0x22435e01770 of 512 bytes failed: Only part of a ReadProcessMemory or WriteProcessMemory request was completed. (0x12B)
[1115/124204.011:ERROR:process_memory_win.cc(73)] ReadMemory at 0x2b6500000000 of 384 bytes failed: Only part of a ReadProcessMemory or WriteProcessMemory request was completed. (0x12B)
[1115/124204.011:ERROR:process_memory_win.cc(73)] ReadMemory at 0x2b659bb201e5 of 512 bytes failed: Only part of a ReadProcessMemory or WriteProcessMemory request was completed. (0x12B)
[1115/124204.011:ERROR:process_memory_win.cc(73)] ReadMemory at 0x2b659bcc0090 of 512 bytes failed: Only part of a ReadProcessMemory or WriteProcessMemory request was completed. (0x12B)
[1115/124204.011:ERROR:process_memory_win.cc(73)] ReadMemory at 0x7ffe4b361535 of 512 bytes failed: Only part of a ReadProcessMemory or WriteProcessMemory request was completed. (0x12B)
[1115/124204.037:ERROR:process_memory_win.cc(73)] ReadMemory at 0x7ffe4b3642f1 of 512 bytes failed: Only part of a ReadProcessMemory or WriteProcessMemory request was completed. (0x12B)
[1115/124204.037:ERROR:process_memory_win.cc(73)] ReadMemory at 0x7ffe4b997320 of 512 bytes failed: Only part of a ReadProcessMemory or WriteProcessMemory request was completed. (0x12B)
[1115/124204.037:ERROR:process_memory_win.cc(73)] ReadMemory at 0x7ffe4c317fe7 of 512 bytes failed: Only part of a ReadProcessMemory or WriteProcessMemory request was completed. (0x12B)
[1115/124204.037:ERROR:process_memory_win.cc(73)] ReadMemory at 0x7ffe50d31dcb of 512 bytes failed: Only part of a ReadProcessMemory or WriteProcessMemory request was completed. (0x12B)
[1115/124204.164:ERROR:process_memory_win.cc(73)] ReadMemory at 0x7ffed9423aa9 of 512 bytes failed: Only part of a ReadProcessMemory or WriteProcessMemory request was completed. (0x12B)
[1115/124204.396:ERROR:process_memory_win.cc(73)] ReadMemory at 0x7ffed964d700 of 512 bytes failed: Only part of a ReadProcessMemory or WriteProcessMemory request was completed. (0x12B)
[1115/124204.396:ERROR:process_memory_win.cc(73)] ReadMemory at 0x7ffedb3d1fd0 of 512 bytes failed: Only part of a ReadProcessMemory or WriteProcessMemory request was completed. (0x12B)
[1115/124204.429:ERROR:process_memory_win.cc(73)] ReadMemory at 0x7ffedb9dc6f4 of 672 bytes failed: Only part of a ReadProcessMemory or WriteProcessMemory request was completed. (0x12B)
[1115/124204.429:ERROR:process_memory_win.cc(73)] ReadMemory at 0x7ffedb9dccf4 of 512 bytes failed: Only part of a ReadProcessMemory or WriteProcessMemory request was completed. (0x12B)
[1115/124204.429:ERROR:process_memory_win.cc(73)] ReadMemory at 0x7ffedb9dffa4 of 608 bytes failed: Only part of a ReadProcessMemory or WriteProcessMemory request was completed. (0x12B)
[1115/124204.430:ERROR:process_memory_win.cc(73)] ReadMemory at 0x7ffedba6c428 of 18 bytes failed: Only part of a ReadProcessMemory or WriteProcessMemory request was completed. (0x12B)
[1115/124204.430:ERROR:process_memory_win.cc(73)] ReadMemory at 0x7ffedba9f4f8 of 40 bytes failed: Only part of a ReadProcessMemory or WriteProcessMemory request was completed. (0x12B)
[1115/124204.430:ERROR:process_memory_win.cc(73)] ReadMemory at 0x7ffedba9f978 of 48 bytes failed: Only part of a ReadProcessMemory or WriteProcessMemory request was completed. (0x12B)
[1115/124204.430:ERROR:process_memory_win.cc(73)] ReadMemory at 0x7ffedbaa53c0 of 64 bytes failed: Only part of a ReadProcessMemory or WriteProcessMemory request was completed. (0x12B)
[1115/124204.563:ERROR:scoped_process_suspend.cc(40)] NtResumeProcess: An attempt was made to access an exiting process. (0xc000010a)
[1116/160207.223:ERROR:directory_reader_win.cc(43)] FindFirstFile: The system cannot find the path specified. (0x3)
[1121/085019.801:ERROR:directory_reader_win.cc(43)] FindFirstFile: The system cannot find the path specified. (0x3)
